<?xml version="1.0" encoding="UTF-8"?>
<!-- Generated by org.testng.reporters.JUnitReportReporter -->
<testsuite hostname="RST8" failures="0" tests="1" name="testScripts.TC_002_Login" time="14.622" errors="0" timestamp="2021-07-06T16:37:15 IST" skipped="0">
  <testcase classname="testScripts.TC_002_Login" name="loginTest" time="14.622"/>
  <system-out/>
</testsuite> <!-- testScripts.TC_002_Login -->
