<?xml version="1.0" encoding="UTF-8"?>
<!-- Generated by org.testng.reporters.JUnitReportReporter -->
<testsuite hostname="DESKTOP-DQO6VS7" failures="0" tests="1" name="testScripts.TC_001_Registration" time="29.693" errors="0" timestamp="2021-07-15T22:39:11 IST" skipped="0">
  <testcase classname="testScripts.TC_001_Registration" name="Registration" time="29.693"/>
  <system-out/>
</testsuite> <!-- testScripts.TC_001_Registration -->
