<?xml version="1.0" encoding="UTF-8"?>
<!-- Generated by org.testng.reporters.JUnitReportReporter -->
<testsuite hostname="RST8" failures="0" tests="1" name="tyielClass.State" time="24.479" errors="0" timestamp="2021-06-22T13:25:00 IST" skipped="0">
  <testcase classname="tyielClass.State" name="state" time="24.479"/>
  <system-out/>
</testsuite> <!-- tyielClass.State -->
