<?xml version="1.0" encoding="UTF-8"?>
<!-- Generated by org.testng.reporters.JUnitReportReporter -->
<testsuite hostname="RST8" failures="0" tests="1" name="testScripts.TC_002_Login" time="69.791" errors="0" timestamp="2021-09-11T17:47:30 IST" skipped="0">
  <testcase classname="testScripts.TC_002_Login" name="loginTest" time="69.791"/>
  <system-out/>
</testsuite> <!-- testScripts.TC_002_Login -->
