<?xml version="1.0" encoding="UTF-8"?>
<!-- Generated by org.testng.reporters.JUnitReportReporter -->
<testsuite hostname="DESKTOP-DQO6VS7" failures="0" tests="1" name="testScripts.TC_002_Login" time="26.933" errors="0" timestamp="2021-07-15T22:37:23 IST" skipped="0">
  <testcase classname="testScripts.TC_002_Login" name="loginTest" time="26.933"/>
  <system-out/>
</testsuite> <!-- testScripts.TC_002_Login -->
