<?xml version="1.0" encoding="UTF-8"?>
<!-- Generated by org.testng.reporters.JUnitReportReporter -->
<testsuite hostname="DESKTOP-DQO6VS7" failures="0" tests="1" name="testScripts.TC_002_Login" time="48.003" errors="0" timestamp="2021-08-04T19:58:01 IST" skipped="0">
  <testcase classname="testScripts.TC_002_Login" name="loginTest" time="48.003"/>
  <system-out/>
</testsuite> <!-- testScripts.TC_002_Login -->
